<?xml version="1.0" encoding="UTF-8"?>
<!-- Generated by org.testng.reporters.JUnitXMLReporter -->
<testsuite hostname="AshaRakesh" name="parallelTest" tests="4" failures="0" timestamp="9 May 2016 08:16:38 GMT" time="89.011" errors="0">
  <testcase name="SecondTest" time="15.316" classname="myTests.TestSuite1"/>
  <testcase name="firstTest" time="15.678" classname="myTests.TestSuite1"/>
  <testcase name="fourthTest" time="14.631" classname="myTests.TestSuite1"/>
  <testcase name="thirdTest" time="15.082" classname="myTests.TestSuite1"/>
</testsuite> <!-- parallelTest -->
