<?xml version="1.0" encoding="UTF-8"?>
<!-- Generated by org.testng.reporters.JUnitXMLReporter -->
<testsuite hostname="AshaRakesh" name="parallelTest" tests="4" failures="0" timestamp="8 May 2016 20:54:53 GMT" time="53.326" errors="0">
  <testcase name="SecondTest" time="18.31" classname="myTests.TestSuite1"/>
  <testcase name="firstTest" time="18.502" classname="myTests.TestSuite1"/>
  <testcase name="fourthTest" time="16.976" classname="myTests.TestSuite1"/>
  <testcase name="thirdTest" time="12.044" classname="myTests.TestSuite1"/>
</testsuite> <!-- parallelTest -->
