<?xml version="1.0" encoding="UTF-8"?>
<testng-results skipped="0" failed="0" total="2" passed="2">
  <reporter-output>
  </reporter-output>
  <suite name="SmokeSuite" duration-ms="54532" started-at="2016-05-09T08:17:54Z" finished-at="2016-05-09T08:18:49Z">
    <groups>
    </groups>
    <test name="ParallelTest 1" duration-ms="30387" started-at="2016-05-09T08:17:54Z" finished-at="2016-05-09T08:18:25Z">
      <class name="myPackage.TestParallel">
        <test-method status="PASS" signature="beforemethod(java.lang.String)[pri:0, instance:myPackage.TestParallel@3f0ee7cb]" name="beforemethod" is-config="true" duration-ms="11126" started-at="2016-05-09T01:17:54Z" finished-at="2016-05-09T01:18:05Z">
          <params>
            <param index="0">
              <value>
                <![CDATA[firefox]]>
              </value>
            </param>
          </params>
          <reporter-output>
          </reporter-output>
        </test-method> <!-- beforemethod -->
        <test-method status="PASS" signature="test_01()[pri:0, instance:myPackage.TestParallel@3f0ee7cb]" name="test_01" duration-ms="18623" started-at="2016-05-09T01:18:05Z" finished-at="2016-05-09T01:18:24Z">
          <reporter-output>
          </reporter-output>
        </test-method> <!-- test_01 -->
        <test-method status="PASS" signature="aftermethod()[pri:0, instance:myPackage.TestParallel@3f0ee7cb]" name="aftermethod" is-config="true" duration-ms="616" started-at="2016-05-09T01:18:24Z" finished-at="2016-05-09T01:18:25Z">
          <reporter-output>
          </reporter-output>
        </test-method> <!-- aftermethod -->
      </class> <!-- myPackage.TestParallel -->
    </test> <!-- ParallelTest 1 -->
    <test name="ParallelTest 2" duration-ms="54532" started-at="2016-05-09T08:17:54Z" finished-at="2016-05-09T08:18:49Z">
      <class name="myPackage.TestParallel">
        <test-method status="PASS" signature="beforemethod(java.lang.String)[pri:0, instance:myPackage.TestParallel@49e4cb85]" name="beforemethod" is-config="true" duration-ms="25873" started-at="2016-05-09T01:17:54Z" finished-at="2016-05-09T01:18:20Z">
          <params>
            <param index="0">
              <value>
                <![CDATA[chrome]]>
              </value>
            </param>
          </params>
          <reporter-output>
          </reporter-output>
        </test-method> <!-- beforemethod -->
        <test-method status="PASS" signature="test_01()[pri:0, instance:myPackage.TestParallel@49e4cb85]" name="test_01" duration-ms="27696" started-at="2016-05-09T01:18:20Z" finished-at="2016-05-09T01:18:48Z">
          <reporter-output>
          </reporter-output>
        </test-method> <!-- test_01 -->
        <test-method status="PASS" signature="aftermethod()[pri:0, instance:myPackage.TestParallel@49e4cb85]" name="aftermethod" is-config="true" duration-ms="940" started-at="2016-05-09T01:18:48Z" finished-at="2016-05-09T01:18:49Z">
          <reporter-output>
          </reporter-output>
        </test-method> <!-- aftermethod -->
      </class> <!-- myPackage.TestParallel -->
    </test> <!-- ParallelTest 2 -->
  </suite> <!-- SmokeSuite -->
</testng-results>
